2023-02-13 06:10:45,853 - __main__ - INFO - 더이상 검색된 뉴스결과가 없으므로, 프로그램을 종료합니다
2023-02-13 07:10:16,465 - __main__ - INFO - 더이상 검색된 뉴스결과가 없으므로, 프로그램을 종료합니다
2023-02-13 08:08:15,079 - __main__ - INFO - 더이상 검색된 뉴스결과가 없으므로, 프로그램을 종료합니다
2023-02-13 09:03:04,856 - __main__ - INFO - 더이상 검색된 뉴스결과가 없으므로, 프로그램을 종료합니다
2023-02-13 10:04:07,283 - __main__ - INFO - 더이상 검색된 뉴스결과가 없으므로, 프로그램을 종료합니다
2023-02-13 11:01:35,053 - __main__ - INFO - 더이상 검색된 뉴스결과가 없으므로, 프로그램을 종료합니다
2023-02-13 12:09:57,850 - __main__ - INFO - 더이상 검색된 뉴스결과가 없으므로, 프로그램을 종료합니다
2023-02-13 13:15:29,033 - __main__ - INFO - 더이상 검색된 뉴스결과가 없으므로, 프로그램을 종료합니다
2023-02-13 14:01:32,980 - __main__ - INFO - 더이상 검색된 뉴스결과가 없으므로, 프로그램을 종료합니다
2023-02-13 21:01:39,097 - __main__ - INFO - 더이상 검색된 뉴스결과가 없으므로, 프로그램을 종료합니다
2023-02-13 22:02:03,738 - __main__ - INFO - 더이상 검색된 뉴스결과가 없으므로, 프로그램을 종료합니다
2023-02-13 23:01:23,401 - __main__ - INFO - 더이상 검색된 뉴스결과가 없으므로, 프로그램을 종료합니다
2023-02-14 00:29:59,854 - __main__ - INFO - 더이상 검색된 뉴스결과가 없으므로, 프로그램을 종료합니다
2023-02-14 02:15:16,526 - __main__ - INFO - 더이상 검색된 뉴스결과가 없으므로, 프로그램을 종료합니다
2023-02-14 03:10:29,026 - __main__ - INFO - 더이상 검색된 뉴스결과가 없으므로, 프로그램을 종료합니다
2023-02-14 04:06:38,102 - __main__ - INFO - 제11전투비행단 검색어로 더이상 검색된 뉴스결과가 없으므로, 프로그램을 종료합니다
2023-02-14 04:06:51,379 - __main__ - INFO - 총 10건의 보도자료가 db에 기록되었습니다
2023-02-14 04:07:00,414 - __main__ - INFO - 총 3건의 보도자료가 db에 기록되었습니다
2023-02-14 04:07:06,402 - __main__ - INFO - 11전비 검색어로 더이상 검색된 뉴스결과가 없으므로, 프로그램을 종료합니다
2023-02-14 05:02:29,992 - __main__ - INFO - 제11전투비행단 검색어로 더이상 검색된 뉴스결과가 없으므로, 프로그램을 종료합니다
2023-02-14 05:02:33,676 - __main__ - INFO - 11전비 검색어로 더이상 검색된 뉴스결과가 없으므로, 프로그램을 종료합니다
2023-02-14 06:07:53,788 - __main__ - INFO - 총 10건의 보도자료가 db에 기록되었습니다
2023-02-14 06:08:03,490 - __main__ - INFO - 총 2건의 보도자료가 db에 기록되었습니다
2023-02-14 06:08:11,407 - __main__ - INFO - 제11전투비행단 검색어로 더이상 검색된 뉴스결과가 없으므로, 프로그램을 종료합니다
2023-02-14 06:08:24,680 - __main__ - INFO - 총 10건의 보도자료가 db에 기록되었습니다
2023-02-14 06:08:35,758 - __main__ - INFO - 총 3건의 보도자료가 db에 기록되었습니다
2023-02-14 06:08:43,409 - __main__ - INFO - 11전비 검색어로 더이상 검색된 뉴스결과가 없으므로, 프로그램을 종료합니다
2023-02-14 07:01:36,741 - __main__ - INFO - 제11전투비행단 검색어로 더이상 검색된 뉴스결과가 없으므로, 프로그램을 종료합니다
2023-02-14 07:01:40,056 - __main__ - INFO - 11전비 검색어로 더이상 검색된 뉴스결과가 없으므로, 프로그램을 종료합니다
2023-02-14 08:08:02,384 - __main__ - INFO - 제11전투비행단 검색어로 더이상 검색된 뉴스결과가 없으므로, 프로그램을 종료합니다
2023-02-14 08:08:05,961 - __main__ - INFO - 11전비 검색어로 더이상 검색된 뉴스결과가 없으므로, 프로그램을 종료합니다
2023-02-14 09:03:38,961 - __main__ - INFO - 총 10건의 보도자료가 db에 기록되었습니다
2023-02-14 09:03:49,249 - __main__ - INFO - 총 2건의 보도자료가 db에 기록되었습니다
2023-02-14 09:03:57,375 - __main__ - INFO - 제11전투비행단 검색어로 더이상 검색된 뉴스결과가 없으므로, 프로그램을 종료합니다
2023-02-14 09:04:07,029 - __main__ - INFO - 총 6건의 보도자료가 db에 기록되었습니다
2023-02-14 09:04:15,984 - __main__ - INFO - 총 1건의 보도자료가 db에 기록되었습니다
2023-02-14 09:04:24,171 - __main__ - INFO - 11전비 검색어로 더이상 검색된 뉴스결과가 없으므로, 프로그램을 종료합니다
2023-02-14 10:04:46,729 - __main__ - INFO - 제11전투비행단 검색어로 더이상 검색된 뉴스결과가 없으므로, 프로그램을 종료합니다
2023-02-14 10:04:49,107 - __main__ - INFO - 11전비 검색어로 더이상 검색된 뉴스결과가 없으므로, 프로그램을 종료합니다
2023-02-14 11:01:33,645 - __main__ - INFO - 제11전투비행단 검색어로 더이상 검색된 뉴스결과가 없으므로, 프로그램을 종료합니다
2023-02-14 11:01:36,036 - __main__ - INFO - 11전비 검색어로 더이상 검색된 뉴스결과가 없으므로, 프로그램을 종료합니다
2023-02-14 12:09:50,928 - __main__ - INFO - 제11전투비행단 검색어로 더이상 검색된 뉴스결과가 없으므로, 프로그램을 종료합니다
2023-02-14 12:09:54,183 - __main__ - INFO - 11전비 검색어로 더이상 검색된 뉴스결과가 없으므로, 프로그램을 종료합니다
2023-02-14 13:17:18,910 - __main__ - INFO - 제11전투비행단 검색어로 더이상 검색된 뉴스결과가 없으므로, 프로그램을 종료합니다
2023-02-14 13:17:22,486 - __main__ - INFO - 11전비 검색어로 더이상 검색된 뉴스결과가 없으므로, 프로그램을 종료합니다
2023-02-14 14:02:13,495 - __main__ - INFO - 제11전투비행단 검색어로 더이상 검색된 뉴스결과가 없으므로, 프로그램을 종료합니다
2023-02-14 14:02:16,775 - __main__ - INFO - 11전비 검색어로 더이상 검색된 뉴스결과가 없으므로, 프로그램을 종료합니다
2023-02-14 21:01:33,943 - __main__ - INFO - 제11전투비행단 검색어로 더이상 검색된 뉴스결과가 없으므로, 프로그램을 종료합니다
2023-02-14 21:01:36,567 - __main__ - INFO - 11전비 검색어로 더이상 검색된 뉴스결과가 없으므로, 프로그램을 종료합니다
2023-02-14 22:01:30,811 - __main__ - INFO - 제11전투비행단 검색어로 더이상 검색된 뉴스결과가 없으므로, 프로그램을 종료합니다
2023-02-14 22:01:34,240 - __main__ - INFO - 11전비 검색어로 더이상 검색된 뉴스결과가 없으므로, 프로그램을 종료합니다
2023-02-14 23:01:43,020 - __main__ - INFO - 제11전투비행단 검색어로 더이상 검색된 뉴스결과가 없으므로, 프로그램을 종료합니다
2023-02-14 23:01:46,368 - __main__ - INFO - 11전비 검색어로 더이상 검색된 뉴스결과가 없으므로, 프로그램을 종료합니다
2023-02-15 00:29:18,855 - __main__ - INFO - 제11전투비행단 검색어로 더이상 검색된 뉴스결과가 없으므로, 프로그램을 종료합니다
2023-02-15 00:29:22,193 - __main__ - INFO - 11전비 검색어로 더이상 검색된 뉴스결과가 없으므로, 프로그램을 종료합니다
2023-02-15 02:15:21,404 - __main__ - INFO - 제11전투비행단 검색어로 더이상 검색된 뉴스결과가 없으므로, 프로그램을 종료합니다
2023-02-15 02:15:24,944 - __main__ - INFO - 11전비 검색어로 더이상 검색된 뉴스결과가 없으므로, 프로그램을 종료합니다
2023-02-15 03:11:57,424 - __main__ - INFO - 제11전투비행단 검색어로 더이상 검색된 뉴스결과가 없으므로, 프로그램을 종료합니다
2023-02-15 03:12:01,008 - __main__ - INFO - 11전비 검색어로 더이상 검색된 뉴스결과가 없으므로, 프로그램을 종료합니다
2023-02-15 04:07:13,891 - __main__ - INFO - 제11전투비행단 검색어로 더이상 검색된 뉴스결과가 없으므로, 프로그램을 종료합니다
2023-02-15 04:07:17,642 - __main__ - INFO - 11전비 검색어로 더이상 검색된 뉴스결과가 없으므로, 프로그램을 종료합니다
2023-02-15 05:02:21,145 - __main__ - INFO - 제11전투비행단 검색어로 더이상 검색된 뉴스결과가 없으므로, 프로그램을 종료합니다
2023-02-15 05:02:23,480 - __main__ - INFO - 11전비 검색어로 더이상 검색된 뉴스결과가 없으므로, 프로그램을 종료합니다
2023-02-15 07:01:43,376 - __main__ - INFO - 제11전투비행단 검색어로 더이상 검색된 뉴스결과가 없으므로, 프로그램을 종료합니다
2023-02-15 07:01:46,733 - __main__ - INFO - 11전비 검색어로 더이상 검색된 뉴스결과가 없으므로, 프로그램을 종료합니다
2023-02-15 08:07:54,921 - __main__ - INFO - 제11전투비행단 검색어로 더이상 검색된 뉴스결과가 없으므로, 프로그램을 종료합니다
2023-02-15 08:07:57,665 - __main__ - INFO - 11전비 검색어로 더이상 검색된 뉴스결과가 없으므로, 프로그램을 종료합니다
2023-02-15 09:03:35,894 - __main__ - INFO - 제11전투비행단 검색어로 더이상 검색된 뉴스결과가 없으므로, 프로그램을 종료합니다
2023-02-15 09:03:39,217 - __main__ - INFO - 11전비 검색어로 더이상 검색된 뉴스결과가 없으므로, 프로그램을 종료합니다
2023-02-15 10:03:15,300 - __main__ - INFO - 제11전투비행단 검색어로 더이상 검색된 뉴스결과가 없으므로, 프로그램을 종료합니다
2023-02-15 10:03:18,835 - __main__ - INFO - 11전비 검색어로 더이상 검색된 뉴스결과가 없으므로, 프로그램을 종료합니다
2023-02-15 11:01:32,976 - __main__ - INFO - 제11전투비행단 검색어로 더이상 검색된 뉴스결과가 없으므로, 프로그램을 종료합니다
2023-02-15 11:01:35,544 - __main__ - INFO - 11전비 검색어로 더이상 검색된 뉴스결과가 없으므로, 프로그램을 종료합니다
2023-02-15 12:10:31,446 - __main__ - INFO - 제11전투비행단 검색어로 더이상 검색된 뉴스결과가 없으므로, 프로그램을 종료합니다
2023-02-15 12:10:33,907 - __main__ - INFO - 11전비 검색어로 더이상 검색된 뉴스결과가 없으므로, 프로그램을 종료합니다
2023-02-15 13:16:21,466 - __main__ - INFO - 총 1건의 보도자료가 db에 기록되었습니다
2023-02-15 13:16:29,692 - __main__ - INFO - 제11전투비행단 검색어로 더이상 검색된 뉴스결과가 없으므로, 프로그램을 종료합니다
2023-02-15 13:16:33,247 - __main__ - INFO - 11전비 검색어로 더이상 검색된 뉴스결과가 없으므로, 프로그램을 종료합니다
2023-02-15 14:01:34,850 - __main__ - INFO - 제11전투비행단 검색어로 더이상 검색된 뉴스결과가 없으므로, 프로그램을 종료합니다
2023-02-15 14:01:38,108 - __main__ - INFO - 11전비 검색어로 더이상 검색된 뉴스결과가 없으므로, 프로그램을 종료합니다
2023-02-15 21:01:35,394 - __main__ - INFO - 제11전투비행단 검색어로 더이상 검색된 뉴스결과가 없으므로, 프로그램을 종료합니다
2023-02-15 21:01:38,077 - __main__ - INFO - 11전비 검색어로 더이상 검색된 뉴스결과가 없으므로, 프로그램을 종료합니다
2023-02-15 22:02:04,745 - __main__ - INFO - 제11전투비행단 검색어로 더이상 검색된 뉴스결과가 없으므로, 프로그램을 종료합니다
2023-02-15 22:02:07,955 - __main__ - INFO - 11전비 검색어로 더이상 검색된 뉴스결과가 없으므로, 프로그램을 종료합니다
2023-02-15 23:01:42,315 - __main__ - INFO - 제11전투비행단 검색어로 더이상 검색된 뉴스결과가 없으므로, 프로그램을 종료합니다
2023-02-15 23:01:45,111 - __main__ - INFO - 11전비 검색어로 더이상 검색된 뉴스결과가 없으므로, 프로그램을 종료합니다
2023-02-16 00:29:20,666 - __main__ - INFO - 제11전투비행단 검색어로 더이상 검색된 뉴스결과가 없으므로, 프로그램을 종료합니다
2023-02-16 00:29:23,861 - __main__ - INFO - 11전비 검색어로 더이상 검색된 뉴스결과가 없으므로, 프로그램을 종료합니다
2023-02-16 02:13:50,176 - __main__ - INFO - 제11전투비행단 검색어로 더이상 검색된 뉴스결과가 없으므로, 프로그램을 종료합니다
2023-02-16 02:13:53,681 - __main__ - INFO - 11전비 검색어로 더이상 검색된 뉴스결과가 없으므로, 프로그램을 종료합니다
2023-02-16 03:10:16,197 - __main__ - INFO - 제11전투비행단 검색어로 더이상 검색된 뉴스결과가 없으므로, 프로그램을 종료합니다
2023-02-16 03:10:19,976 - __main__ - INFO - 11전비 검색어로 더이상 검색된 뉴스결과가 없으므로, 프로그램을 종료합니다
2023-02-16 04:06:44,798 - __main__ - INFO - 제11전투비행단 검색어로 더이상 검색된 뉴스결과가 없으므로, 프로그램을 종료합니다
2023-02-16 04:06:48,318 - __main__ - INFO - 11전비 검색어로 더이상 검색된 뉴스결과가 없으므로, 프로그램을 종료합니다
2023-02-16 05:02:23,484 - __main__ - INFO - 제11전투비행단 검색어로 더이상 검색된 뉴스결과가 없으므로, 프로그램을 종료합니다
2023-02-16 05:02:26,716 - __main__ - INFO - 11전비 검색어로 더이상 검색된 뉴스결과가 없으므로, 프로그램을 종료합니다
2023-02-16 06:07:33,628 - __main__ - INFO - 제11전투비행단 검색어로 더이상 검색된 뉴스결과가 없으므로, 프로그램을 종료합니다
2023-02-16 06:07:37,061 - __main__ - INFO - 11전비 검색어로 더이상 검색된 뉴스결과가 없으므로, 프로그램을 종료합니다
2023-02-16 07:01:36,117 - __main__ - INFO - 제11전투비행단 검색어로 더이상 검색된 뉴스결과가 없으므로, 프로그램을 종료합니다
2023-02-16 07:01:39,263 - __main__ - INFO - 11전비 검색어로 더이상 검색된 뉴스결과가 없으므로, 프로그램을 종료합니다
2023-02-16 08:07:45,626 - __main__ - INFO - 제11전투비행단 검색어로 더이상 검색된 뉴스결과가 없으므로, 프로그램을 종료합니다
2023-02-16 08:07:49,217 - __main__ - INFO - 11전비 검색어로 더이상 검색된 뉴스결과가 없으므로, 프로그램을 종료합니다
2023-02-16 09:02:52,580 - __main__ - INFO - 제11전투비행단 검색어로 더이상 검색된 뉴스결과가 없으므로, 프로그램을 종료합니다
2023-02-16 09:02:55,766 - __main__ - INFO - 11전비 검색어로 더이상 검색된 뉴스결과가 없으므로, 프로그램을 종료합니다
2023-02-16 10:03:40,992 - __main__ - INFO - 제11전투비행단 검색어로 더이상 검색된 뉴스결과가 없으므로, 프로그램을 종료합니다
2023-02-16 10:03:44,393 - __main__ - INFO - 11전비 검색어로 더이상 검색된 뉴스결과가 없으므로, 프로그램을 종료합니다
2023-02-16 11:01:33,346 - __main__ - INFO - 제11전투비행단 검색어로 더이상 검색된 뉴스결과가 없으므로, 프로그램을 종료합니다
2023-02-16 11:01:36,682 - __main__ - INFO - 11전비 검색어로 더이상 검색된 뉴스결과가 없으므로, 프로그램을 종료합니다
2023-02-16 12:09:51,701 - __main__ - INFO - 제11전투비행단 검색어로 더이상 검색된 뉴스결과가 없으므로, 프로그램을 종료합니다
2023-02-16 12:09:55,270 - __main__ - INFO - 11전비 검색어로 더이상 검색된 뉴스결과가 없으므로, 프로그램을 종료합니다
2023-02-16 13:15:36,054 - __main__ - INFO - 총 1건의 보도자료가 db에 기록되었습니다
2023-02-16 13:15:43,965 - __main__ - INFO - 제11전투비행단 검색어로 더이상 검색된 뉴스결과가 없으므로, 프로그램을 종료합니다
2023-02-16 13:15:47,187 - __main__ - INFO - 11전비 검색어로 더이상 검색된 뉴스결과가 없으므로, 프로그램을 종료합니다
2023-02-16 14:02:23,055 - __main__ - INFO - 제11전투비행단 검색어로 더이상 검색된 뉴스결과가 없으므로, 프로그램을 종료합니다
2023-02-16 14:02:26,878 - __main__ - INFO - 11전비 검색어로 더이상 검색된 뉴스결과가 없으므로, 프로그램을 종료합니다
2023-02-16 21:01:50,394 - __main__ - INFO - 제11전투비행단 검색어로 더이상 검색된 뉴스결과가 없으므로, 프로그램을 종료합니다
2023-02-16 21:01:53,526 - __main__ - INFO - 11전비 검색어로 더이상 검색된 뉴스결과가 없으므로, 프로그램을 종료합니다
2023-02-16 22:01:33,844 - __main__ - INFO - 제11전투비행단 검색어로 더이상 검색된 뉴스결과가 없으므로, 프로그램을 종료합니다
2023-02-16 22:01:36,843 - __main__ - INFO - 11전비 검색어로 더이상 검색된 뉴스결과가 없으므로, 프로그램을 종료합니다
2023-02-16 23:02:16,357 - __main__ - INFO - 제11전투비행단 검색어로 더이상 검색된 뉴스결과가 없으므로, 프로그램을 종료합니다
2023-02-16 23:02:19,114 - __main__ - INFO - 11전비 검색어로 더이상 검색된 뉴스결과가 없으므로, 프로그램을 종료합니다
2023-02-17 00:33:22,976 - __main__ - INFO - 제11전투비행단 검색어로 더이상 검색된 뉴스결과가 없으므로, 프로그램을 종료합니다
2023-02-17 00:33:26,379 - __main__ - INFO - 11전비 검색어로 더이상 검색된 뉴스결과가 없으므로, 프로그램을 종료합니다
2023-02-17 02:17:52,693 - __main__ - INFO - 제11전투비행단 검색어로 더이상 검색된 뉴스결과가 없으므로, 프로그램을 종료합니다
2023-02-17 02:17:55,556 - __main__ - INFO - 11전비 검색어로 더이상 검색된 뉴스결과가 없으므로, 프로그램을 종료합니다
2023-02-17 03:13:20,136 - __main__ - INFO - 제11전투비행단 검색어로 더이상 검색된 뉴스결과가 없으므로, 프로그램을 종료합니다
2023-02-17 03:13:23,996 - __main__ - INFO - 11전비 검색어로 더이상 검색된 뉴스결과가 없으므로, 프로그램을 종료합니다
2023-02-17 04:06:50,409 - __main__ - INFO - 제11전투비행단 검색어로 더이상 검색된 뉴스결과가 없으므로, 프로그램을 종료합니다
2023-02-17 04:06:53,695 - __main__ - INFO - 11전비 검색어로 더이상 검색된 뉴스결과가 없으므로, 프로그램을 종료합니다
2023-02-17 05:02:21,516 - __main__ - INFO - 제11전투비행단 검색어로 더이상 검색된 뉴스결과가 없으므로, 프로그램을 종료합니다
2023-02-17 05:02:24,199 - __main__ - INFO - 11전비 검색어로 더이상 검색된 뉴스결과가 없으므로, 프로그램을 종료합니다
2023-02-17 06:07:51,494 - __main__ - INFO - 제11전투비행단 검색어로 더이상 검색된 뉴스결과가 없으므로, 프로그램을 종료합니다
2023-02-17 06:07:54,556 - __main__ - INFO - 11전비 검색어로 더이상 검색된 뉴스결과가 없으므로, 프로그램을 종료합니다
2023-02-17 07:01:46,300 - __main__ - INFO - 제11전투비행단 검색어로 더이상 검색된 뉴스결과가 없으므로, 프로그램을 종료합니다
2023-02-17 07:01:49,684 - __main__ - INFO - 11전비 검색어로 더이상 검색된 뉴스결과가 없으므로, 프로그램을 종료합니다
2023-02-17 08:07:41,861 - __main__ - INFO - 제11전투비행단 검색어로 더이상 검색된 뉴스결과가 없으므로, 프로그램을 종료합니다
2023-02-17 08:07:45,100 - __main__ - INFO - 11전비 검색어로 더이상 검색된 뉴스결과가 없으므로, 프로그램을 종료합니다
2023-02-17 09:02:26,877 - __main__ - INFO - 제11전투비행단 검색어로 더이상 검색된 뉴스결과가 없으므로, 프로그램을 종료합니다
2023-02-17 09:02:29,742 - __main__ - INFO - 11전비 검색어로 더이상 검색된 뉴스결과가 없으므로, 프로그램을 종료합니다
2023-02-17 10:03:13,435 - __main__ - INFO - 제11전투비행단 검색어로 더이상 검색된 뉴스결과가 없으므로, 프로그램을 종료합니다
2023-02-17 10:03:16,974 - __main__ - INFO - 11전비 검색어로 더이상 검색된 뉴스결과가 없으므로, 프로그램을 종료합니다
2023-02-17 11:01:26,951 - __main__ - INFO - 제11전투비행단 검색어로 더이상 검색된 뉴스결과가 없으므로, 프로그램을 종료합니다
2023-02-17 11:01:30,339 - __main__ - INFO - 11전비 검색어로 더이상 검색된 뉴스결과가 없으므로, 프로그램을 종료합니다
2023-02-17 12:09:15,773 - __main__ - INFO - 제11전투비행단 검색어로 더이상 검색된 뉴스결과가 없으므로, 프로그램을 종료합니다
2023-02-17 12:09:18,829 - __main__ - INFO - 11전비 검색어로 더이상 검색된 뉴스결과가 없으므로, 프로그램을 종료합니다
2023-02-17 13:14:18,825 - __main__ - INFO - 제11전투비행단 검색어로 더이상 검색된 뉴스결과가 없으므로, 프로그램을 종료합니다
2023-02-17 13:14:21,708 - __main__ - INFO - 11전비 검색어로 더이상 검색된 뉴스결과가 없으므로, 프로그램을 종료합니다
2023-02-17 14:02:00,315 - __main__ - INFO - 제11전투비행단 검색어로 더이상 검색된 뉴스결과가 없으므로, 프로그램을 종료합니다
2023-02-17 14:02:03,857 - __main__ - INFO - 11전비 검색어로 더이상 검색된 뉴스결과가 없으므로, 프로그램을 종료합니다
2023-02-17 21:01:42,818 - __main__ - INFO - 제11전투비행단 검색어로 더이상 검색된 뉴스결과가 없으므로, 프로그램을 종료합니다
2023-02-17 21:01:46,613 - __main__ - INFO - 11전비 검색어로 더이상 검색된 뉴스결과가 없으므로, 프로그램을 종료합니다
2023-02-17 22:01:34,300 - __main__ - INFO - 제11전투비행단 검색어로 더이상 검색된 뉴스결과가 없으므로, 프로그램을 종료합니다
2023-02-17 22:01:36,999 - __main__ - INFO - 11전비 검색어로 더이상 검색된 뉴스결과가 없으므로, 프로그램을 종료합니다
2023-02-17 23:01:45,355 - __main__ - INFO - 제11전투비행단 검색어로 더이상 검색된 뉴스결과가 없으므로, 프로그램을 종료합니다
2023-02-17 23:01:48,263 - __main__ - INFO - 11전비 검색어로 더이상 검색된 뉴스결과가 없으므로, 프로그램을 종료합니다
2023-02-18 00:30:32,255 - __main__ - INFO - 제11전투비행단 검색어로 더이상 검색된 뉴스결과가 없으므로, 프로그램을 종료합니다
2023-02-18 00:30:34,893 - __main__ - INFO - 11전비 검색어로 더이상 검색된 뉴스결과가 없으므로, 프로그램을 종료합니다
2023-02-18 02:10:12,368 - __main__ - INFO - 제11전투비행단 검색어로 더이상 검색된 뉴스결과가 없으므로, 프로그램을 종료합니다
2023-02-18 02:10:15,471 - __main__ - INFO - 11전비 검색어로 더이상 검색된 뉴스결과가 없으므로, 프로그램을 종료합니다
2023-02-18 03:05:54,976 - __main__ - INFO - 제11전투비행단 검색어로 더이상 검색된 뉴스결과가 없으므로, 프로그램을 종료합니다
2023-02-18 03:05:57,872 - __main__ - INFO - 11전비 검색어로 더이상 검색된 뉴스결과가 없으므로, 프로그램을 종료합니다
2023-02-18 05:01:36,580 - __main__ - INFO - 제11전투비행단 검색어로 더이상 검색된 뉴스결과가 없으므로, 프로그램을 종료합니다
2023-02-18 05:01:39,009 - __main__ - INFO - 11전비 검색어로 더이상 검색된 뉴스결과가 없으므로, 프로그램을 종료합니다
2023-02-18 06:06:01,383 - __main__ - INFO - 제11전투비행단 검색어로 더이상 검색된 뉴스결과가 없으므로, 프로그램을 종료합니다
2023-02-18 06:06:03,889 - __main__ - INFO - 11전비 검색어로 더이상 검색된 뉴스결과가 없으므로, 프로그램을 종료합니다
2023-02-18 07:01:45,631 - __main__ - INFO - 제11전투비행단 검색어로 더이상 검색된 뉴스결과가 없으므로, 프로그램을 종료합니다
2023-02-18 07:01:48,748 - __main__ - INFO - 11전비 검색어로 더이상 검색된 뉴스결과가 없으므로, 프로그램을 종료합니다
2023-02-18 08:06:50,783 - __main__ - INFO - 제11전투비행단 검색어로 더이상 검색된 뉴스결과가 없으므로, 프로그램을 종료합니다
2023-02-18 08:06:54,274 - __main__ - INFO - 11전비 검색어로 더이상 검색된 뉴스결과가 없으므로, 프로그램을 종료합니다
2023-02-18 09:01:40,550 - __main__ - INFO - 제11전투비행단 검색어로 더이상 검색된 뉴스결과가 없으므로, 프로그램을 종료합니다
2023-02-18 09:01:43,102 - __main__ - INFO - 11전비 검색어로 더이상 검색된 뉴스결과가 없으므로, 프로그램을 종료합니다
2023-02-18 10:01:29,855 - __main__ - INFO - 제11전투비행단 검색어로 더이상 검색된 뉴스결과가 없으므로, 프로그램을 종료합니다
2023-02-18 10:01:32,236 - __main__ - INFO - 11전비 검색어로 더이상 검색된 뉴스결과가 없으므로, 프로그램을 종료합니다
2023-02-18 11:01:17,871 - __main__ - INFO - 제11전투비행단 검색어로 더이상 검색된 뉴스결과가 없으므로, 프로그램을 종료합니다
2023-02-18 11:01:20,339 - __main__ - INFO - 11전비 검색어로 더이상 검색된 뉴스결과가 없으므로, 프로그램을 종료합니다
2023-02-18 12:08:19,666 - __main__ - INFO - 제11전투비행단 검색어로 더이상 검색된 뉴스결과가 없으므로, 프로그램을 종료합니다
2023-02-18 12:08:22,432 - __main__ - INFO - 11전비 검색어로 더이상 검색된 뉴스결과가 없으므로, 프로그램을 종료합니다
2023-02-18 13:11:17,185 - __main__ - INFO - 제11전투비행단 검색어로 더이상 검색된 뉴스결과가 없으므로, 프로그램을 종료합니다
2023-02-18 13:11:20,201 - __main__ - INFO - 11전비 검색어로 더이상 검색된 뉴스결과가 없으므로, 프로그램을 종료합니다
2023-02-18 14:01:13,775 - __main__ - INFO - 제11전투비행단 검색어로 더이상 검색된 뉴스결과가 없으므로, 프로그램을 종료합니다
2023-02-18 14:01:17,322 - __main__ - INFO - 11전비 검색어로 더이상 검색된 뉴스결과가 없으므로, 프로그램을 종료합니다
2023-02-18 21:01:35,592 - __main__ - INFO - 제11전투비행단 검색어로 더이상 검색된 뉴스결과가 없으므로, 프로그램을 종료합니다
2023-02-18 21:01:38,186 - __main__ - INFO - 11전비 검색어로 더이상 검색된 뉴스결과가 없으므로, 프로그램을 종료합니다
2023-02-18 22:01:30,552 - __main__ - INFO - 제11전투비행단 검색어로 더이상 검색된 뉴스결과가 없으므로, 프로그램을 종료합니다
2023-02-18 22:01:33,452 - __main__ - INFO - 11전비 검색어로 더이상 검색된 뉴스결과가 없으므로, 프로그램을 종료합니다
2023-02-18 23:01:43,657 - __main__ - INFO - 제11전투비행단 검색어로 더이상 검색된 뉴스결과가 없으므로, 프로그램을 종료합니다
2023-02-18 23:01:46,234 - __main__ - INFO - 11전비 검색어로 더이상 검색된 뉴스결과가 없으므로, 프로그램을 종료합니다
2023-02-19 00:29:34,736 - __main__ - INFO - 제11전투비행단 검색어로 더이상 검색된 뉴스결과가 없으므로, 프로그램을 종료합니다
2023-02-19 00:29:37,160 - __main__ - INFO - 11전비 검색어로 더이상 검색된 뉴스결과가 없으므로, 프로그램을 종료합니다
2023-02-19 02:15:06,058 - __main__ - INFO - 제11전투비행단 검색어로 더이상 검색된 뉴스결과가 없으므로, 프로그램을 종료합니다
2023-02-19 02:15:08,657 - __main__ - INFO - 11전비 검색어로 더이상 검색된 뉴스결과가 없으므로, 프로그램을 종료합니다
2023-02-19 03:11:15,491 - __main__ - INFO - 제11전투비행단 검색어로 더이상 검색된 뉴스결과가 없으므로, 프로그램을 종료합니다
2023-02-19 03:11:18,630 - __main__ - INFO - 11전비 검색어로 더이상 검색된 뉴스결과가 없으므로, 프로그램을 종료합니다
2023-02-19 04:04:26,803 - __main__ - INFO - 제11전투비행단 검색어로 더이상 검색된 뉴스결과가 없으므로, 프로그램을 종료합니다
2023-02-19 04:04:29,419 - __main__ - INFO - 11전비 검색어로 더이상 검색된 뉴스결과가 없으므로, 프로그램을 종료합니다
2023-02-19 05:01:47,902 - __main__ - INFO - 제11전투비행단 검색어로 더이상 검색된 뉴스결과가 없으므로, 프로그램을 종료합니다
2023-02-19 05:01:50,941 - __main__ - INFO - 11전비 검색어로 더이상 검색된 뉴스결과가 없으므로, 프로그램을 종료합니다
2023-02-19 06:07:01,533 - __main__ - INFO - 제11전투비행단 검색어로 더이상 검색된 뉴스결과가 없으므로, 프로그램을 종료합니다
2023-02-19 06:07:10,622 - __main__ - INFO - 11전비 검색어로 더이상 검색된 뉴스결과가 없으므로, 프로그램을 종료합니다
2023-02-19 07:01:26,507 - __main__ - INFO - 제11전투비행단 검색어로 더이상 검색된 뉴스결과가 없으므로, 프로그램을 종료합니다
2023-02-19 07:01:29,389 - __main__ - INFO - 11전비 검색어로 더이상 검색된 뉴스결과가 없으므로, 프로그램을 종료합니다
2023-02-19 08:07:16,028 - __main__ - INFO - 제11전투비행단 검색어로 더이상 검색된 뉴스결과가 없으므로, 프로그램을 종료합니다
2023-02-19 08:07:18,875 - __main__ - INFO - 11전비 검색어로 더이상 검색된 뉴스결과가 없으므로, 프로그램을 종료합니다
2023-02-19 09:01:38,471 - __main__ - INFO - 제11전투비행단 검색어로 더이상 검색된 뉴스결과가 없으므로, 프로그램을 종료합니다
2023-02-19 09:01:41,465 - __main__ - INFO - 11전비 검색어로 더이상 검색된 뉴스결과가 없으므로, 프로그램을 종료합니다
2023-02-19 10:02:02,319 - __main__ - INFO - 제11전투비행단 검색어로 더이상 검색된 뉴스결과가 없으므로, 프로그램을 종료합니다
2023-02-19 10:02:05,843 - __main__ - INFO - 11전비 검색어로 더이상 검색된 뉴스결과가 없으므로, 프로그램을 종료합니다
2023-02-19 11:01:18,681 - __main__ - INFO - 제11전투비행단 검색어로 더이상 검색된 뉴스결과가 없으므로, 프로그램을 종료합니다
2023-02-19 11:01:21,843 - __main__ - INFO - 11전비 검색어로 더이상 검색된 뉴스결과가 없으므로, 프로그램을 종료합니다
2023-02-19 12:08:17,101 - __main__ - INFO - 제11전투비행단 검색어로 더이상 검색된 뉴스결과가 없으므로, 프로그램을 종료합니다
2023-02-19 12:08:20,051 - __main__ - INFO - 11전비 검색어로 더이상 검색된 뉴스결과가 없으므로, 프로그램을 종료합니다
2023-02-19 13:11:49,628 - __main__ - INFO - 제11전투비행단 검색어로 더이상 검색된 뉴스결과가 없으므로, 프로그램을 종료합니다
2023-02-19 13:11:52,923 - __main__ - INFO - 11전비 검색어로 더이상 검색된 뉴스결과가 없으므로, 프로그램을 종료합니다
2023-02-19 14:01:23,787 - __main__ - INFO - 제11전투비행단 검색어로 더이상 검색된 뉴스결과가 없으므로, 프로그램을 종료합니다
2023-02-19 14:01:26,807 - __main__ - INFO - 11전비 검색어로 더이상 검색된 뉴스결과가 없으므로, 프로그램을 종료합니다
2023-02-19 21:01:24,410 - __main__ - INFO - 제11전투비행단 검색어로 더이상 검색된 뉴스결과가 없으므로, 프로그램을 종료합니다
2023-02-19 21:01:27,200 - __main__ - INFO - 11전비 검색어로 더이상 검색된 뉴스결과가 없으므로, 프로그램을 종료합니다
2023-02-19 22:01:34,219 - __main__ - INFO - 제11전투비행단 검색어로 더이상 검색된 뉴스결과가 없으므로, 프로그램을 종료합니다
2023-02-19 22:01:37,232 - __main__ - INFO - 11전비 검색어로 더이상 검색된 뉴스결과가 없으므로, 프로그램을 종료합니다
2023-02-19 23:01:39,258 - __main__ - INFO - 제11전투비행단 검색어로 더이상 검색된 뉴스결과가 없으므로, 프로그램을 종료합니다
2023-02-19 23:01:42,076 - __main__ - INFO - 11전비 검색어로 더이상 검색된 뉴스결과가 없으므로, 프로그램을 종료합니다
2023-02-20 00:32:37,872 - __main__ - INFO - 제11전투비행단 검색어로 더이상 검색된 뉴스결과가 없으므로, 프로그램을 종료합니다
2023-02-20 00:32:40,980 - __main__ - INFO - 11전비 검색어로 더이상 검색된 뉴스결과가 없으므로, 프로그램을 종료합니다
2023-02-20 02:15:55,491 - __main__ - INFO - 제11전투비행단 검색어로 더이상 검색된 뉴스결과가 없으므로, 프로그램을 종료합니다
2023-02-20 02:15:58,299 - __main__ - INFO - 11전비 검색어로 더이상 검색된 뉴스결과가 없으므로, 프로그램을 종료합니다
2023-02-20 03:13:04,011 - __main__ - INFO - 제11전투비행단 검색어로 더이상 검색된 뉴스결과가 없으므로, 프로그램을 종료합니다
2023-02-20 03:13:06,699 - __main__ - INFO - 11전비 검색어로 더이상 검색된 뉴스결과가 없으므로, 프로그램을 종료합니다
2023-02-20 04:06:52,898 - __main__ - INFO - 제11전투비행단 검색어로 더이상 검색된 뉴스결과가 없으므로, 프로그램을 종료합니다
2023-02-20 04:06:55,427 - __main__ - INFO - 11전비 검색어로 더이상 검색된 뉴스결과가 없으므로, 프로그램을 종료합니다
2023-02-20 05:02:23,184 - __main__ - INFO - 제11전투비행단 검색어로 더이상 검색된 뉴스결과가 없으므로, 프로그램을 종료합니다
2023-02-20 05:02:26,955 - __main__ - INFO - 11전비 검색어로 더이상 검색된 뉴스결과가 없으므로, 프로그램을 종료합니다
2023-02-20 06:08:00,043 - __main__ - INFO - 제11전투비행단 검색어로 더이상 검색된 뉴스결과가 없으므로, 프로그램을 종료합니다
2023-02-20 06:08:03,334 - __main__ - INFO - 11전비 검색어로 더이상 검색된 뉴스결과가 없으므로, 프로그램을 종료합니다
2023-02-20 07:02:09,017 - __main__ - INFO - 제11전투비행단 검색어로 더이상 검색된 뉴스결과가 없으므로, 프로그램을 종료합니다
2023-02-20 07:02:11,538 - __main__ - INFO - 11전비 검색어로 더이상 검색된 뉴스결과가 없으므로, 프로그램을 종료합니다
2023-02-20 08:08:06,244 - __main__ - INFO - 제11전투비행단 검색어로 더이상 검색된 뉴스결과가 없으므로, 프로그램을 종료합니다
2023-02-20 08:08:09,113 - __main__ - INFO - 11전비 검색어로 더이상 검색된 뉴스결과가 없으므로, 프로그램을 종료합니다
2023-02-20 09:03:13,324 - __main__ - INFO - 제11전투비행단 검색어로 더이상 검색된 뉴스결과가 없으므로, 프로그램을 종료합니다
2023-02-20 09:03:16,381 - __main__ - INFO - 11전비 검색어로 더이상 검색된 뉴스결과가 없으므로, 프로그램을 종료합니다
2023-02-20 10:07:12,560 - __main__ - INFO - 제11전투비행단 검색어로 더이상 검색된 뉴스결과가 없으므로, 프로그램을 종료합니다
2023-02-20 10:07:15,951 - __main__ - INFO - 11전비 검색어로 더이상 검색된 뉴스결과가 없으므로, 프로그램을 종료합니다
2023-02-20 11:01:49,958 - __main__ - INFO - 제11전투비행단 검색어로 더이상 검색된 뉴스결과가 없으므로, 프로그램을 종료합니다
2023-02-20 11:01:52,858 - __main__ - INFO - 11전비 검색어로 더이상 검색된 뉴스결과가 없으므로, 프로그램을 종료합니다
2023-02-20 12:09:39,337 - __main__ - INFO - 제11전투비행단 검색어로 더이상 검색된 뉴스결과가 없으므로, 프로그램을 종료합니다
2023-02-20 12:09:42,248 - __main__ - INFO - 11전비 검색어로 더이상 검색된 뉴스결과가 없으므로, 프로그램을 종료합니다
2023-02-20 13:15:21,354 - __main__ - INFO - 제11전투비행단 검색어로 더이상 검색된 뉴스결과가 없으므로, 프로그램을 종료합니다
2023-02-20 13:15:23,998 - __main__ - INFO - 11전비 검색어로 더이상 검색된 뉴스결과가 없으므로, 프로그램을 종료합니다
2023-02-20 14:01:40,120 - __main__ - INFO - 제11전투비행단 검색어로 더이상 검색된 뉴스결과가 없으므로, 프로그램을 종료합니다
2023-02-20 14:01:43,289 - __main__ - INFO - 11전비 검색어로 더이상 검색된 뉴스결과가 없으므로, 프로그램을 종료합니다
2023-02-20 21:01:57,608 - __main__ - INFO - 제11전투비행단 검색어로 더이상 검색된 뉴스결과가 없으므로, 프로그램을 종료합니다
2023-02-20 21:02:00,536 - __main__ - INFO - 11전비 검색어로 더이상 검색된 뉴스결과가 없으므로, 프로그램을 종료합니다
2023-02-20 22:01:34,969 - __main__ - INFO - 제11전투비행단 검색어로 더이상 검색된 뉴스결과가 없으므로, 프로그램을 종료합니다
2023-02-20 22:01:38,332 - __main__ - INFO - 11전비 검색어로 더이상 검색된 뉴스결과가 없으므로, 프로그램을 종료합니다
2023-02-20 23:01:32,880 - __main__ - INFO - 제11전투비행단 검색어로 더이상 검색된 뉴스결과가 없으므로, 프로그램을 종료합니다
2023-02-20 23:01:35,710 - __main__ - INFO - 11전비 검색어로 더이상 검색된 뉴스결과가 없으므로, 프로그램을 종료합니다
2023-02-21 00:31:42,495 - __main__ - INFO - 제11전투비행단 검색어로 더이상 검색된 뉴스결과가 없으므로, 프로그램을 종료합니다
2023-02-21 00:31:45,581 - __main__ - INFO - 11전비 검색어로 더이상 검색된 뉴스결과가 없으므로, 프로그램을 종료합니다
2023-02-21 02:15:18,788 - __main__ - INFO - 제11전투비행단 검색어로 더이상 검색된 뉴스결과가 없으므로, 프로그램을 종료합니다
2023-02-21 02:15:21,875 - __main__ - INFO - 11전비 검색어로 더이상 검색된 뉴스결과가 없으므로, 프로그램을 종료합니다
2023-02-21 03:12:41,578 - __main__ - INFO - 제11전투비행단 검색어로 더이상 검색된 뉴스결과가 없으므로, 프로그램을 종료합니다
2023-02-21 03:12:44,925 - __main__ - INFO - 11전비 검색어로 더이상 검색된 뉴스결과가 없으므로, 프로그램을 종료합니다
2023-02-21 04:06:44,641 - __main__ - INFO - 제11전투비행단 검색어로 더이상 검색된 뉴스결과가 없으므로, 프로그램을 종료합니다
2023-02-21 04:06:47,924 - __main__ - INFO - 11전비 검색어로 더이상 검색된 뉴스결과가 없으므로, 프로그램을 종료합니다
2023-02-21 05:01:42,074 - __main__ - INFO - 제11전투비행단 검색어로 더이상 검색된 뉴스결과가 없으므로, 프로그램을 종료합니다
2023-02-21 05:01:45,653 - __main__ - INFO - 11전비 검색어로 더이상 검색된 뉴스결과가 없으므로, 프로그램을 종료합니다
2023-02-21 06:07:24,734 - __main__ - INFO - 제11전투비행단 검색어로 더이상 검색된 뉴스결과가 없으므로, 프로그램을 종료합니다
2023-02-21 06:07:27,566 - __main__ - INFO - 11전비 검색어로 더이상 검색된 뉴스결과가 없으므로, 프로그램을 종료합니다
2023-02-21 07:02:20,780 - __main__ - INFO - 제11전투비행단 검색어로 더이상 검색된 뉴스결과가 없으므로, 프로그램을 종료합니다
2023-02-21 07:02:23,508 - __main__ - INFO - 11전비 검색어로 더이상 검색된 뉴스결과가 없으므로, 프로그램을 종료합니다
2023-02-21 08:07:58,205 - __main__ - INFO - 제11전투비행단 검색어로 더이상 검색된 뉴스결과가 없으므로, 프로그램을 종료합니다
2023-02-21 08:08:00,807 - __main__ - INFO - 11전비 검색어로 더이상 검색된 뉴스결과가 없으므로, 프로그램을 종료합니다
2023-02-21 09:02:10,557 - __main__ - INFO - 제11전투비행단 검색어로 더이상 검색된 뉴스결과가 없으므로, 프로그램을 종료합니다
2023-02-21 09:02:14,499 - __main__ - INFO - 11전비 검색어로 더이상 검색된 뉴스결과가 없으므로, 프로그램을 종료합니다
2023-02-21 10:02:48,282 - __main__ - INFO - 제11전투비행단 검색어로 더이상 검색된 뉴스결과가 없으므로, 프로그램을 종료합니다
2023-02-21 10:02:51,738 - __main__ - INFO - 11전비 검색어로 더이상 검색된 뉴스결과가 없으므로, 프로그램을 종료합니다
2023-02-21 11:01:42,340 - __main__ - INFO - 제11전투비행단 검색어로 더이상 검색된 뉴스결과가 없으므로, 프로그램을 종료합니다
2023-02-21 11:01:45,813 - __main__ - INFO - 11전비 검색어로 더이상 검색된 뉴스결과가 없으므로, 프로그램을 종료합니다
2023-02-21 12:09:45,673 - __main__ - INFO - 제11전투비행단 검색어로 더이상 검색된 뉴스결과가 없으므로, 프로그램을 종료합니다
2023-02-21 12:09:49,147 - __main__ - INFO - 11전비 검색어로 더이상 검색된 뉴스결과가 없으므로, 프로그램을 종료합니다
2023-02-21 13:15:10,219 - __main__ - INFO - 제11전투비행단 검색어로 더이상 검색된 뉴스결과가 없으므로, 프로그램을 종료합니다
2023-02-21 13:15:13,708 - __main__ - INFO - 11전비 검색어로 더이상 검색된 뉴스결과가 없으므로, 프로그램을 종료합니다
2023-02-21 14:01:39,530 - __main__ - INFO - 제11전투비행단 검색어로 더이상 검색된 뉴스결과가 없으므로, 프로그램을 종료합니다
2023-02-21 14:01:42,617 - __main__ - INFO - 11전비 검색어로 더이상 검색된 뉴스결과가 없으므로, 프로그램을 종료합니다
2023-02-21 21:01:36,434 - __main__ - INFO - 제11전투비행단 검색어로 더이상 검색된 뉴스결과가 없으므로, 프로그램을 종료합니다
2023-02-21 21:01:39,377 - __main__ - INFO - 11전비 검색어로 더이상 검색된 뉴스결과가 없으므로, 프로그램을 종료합니다
2023-02-21 22:02:18,947 - __main__ - INFO - 제11전투비행단 검색어로 더이상 검색된 뉴스결과가 없으므로, 프로그램을 종료합니다
2023-02-21 22:02:21,933 - __main__ - INFO - 11전비 검색어로 더이상 검색된 뉴스결과가 없으므로, 프로그램을 종료합니다
2023-02-21 23:02:09,995 - __main__ - INFO - 제11전투비행단 검색어로 더이상 검색된 뉴스결과가 없으므로, 프로그램을 종료합니다
2023-02-21 23:02:12,601 - __main__ - INFO - 11전비 검색어로 더이상 검색된 뉴스결과가 없으므로, 프로그램을 종료합니다
2023-02-22 00:26:45,678 - __main__ - INFO - 제11전투비행단 검색어로 더이상 검색된 뉴스결과가 없으므로, 프로그램을 종료합니다
2023-02-22 00:26:48,133 - __main__ - INFO - 11전비 검색어로 더이상 검색된 뉴스결과가 없으므로, 프로그램을 종료합니다
2023-02-22 02:13:40,340 - __main__ - INFO - 제11전투비행단 검색어로 더이상 검색된 뉴스결과가 없으므로, 프로그램을 종료합니다
2023-02-22 02:13:43,940 - __main__ - INFO - 11전비 검색어로 더이상 검색된 뉴스결과가 없으므로, 프로그램을 종료합니다
2023-02-22 03:10:53,501 - __main__ - INFO - 제11전투비행단 검색어로 더이상 검색된 뉴스결과가 없으므로, 프로그램을 종료합니다
2023-02-22 03:10:56,968 - __main__ - INFO - 11전비 검색어로 더이상 검색된 뉴스결과가 없으므로, 프로그램을 종료합니다
2023-02-22 04:06:55,869 - __main__ - INFO - 제11전투비행단 검색어로 더이상 검색된 뉴스결과가 없으므로, 프로그램을 종료합니다
2023-02-22 04:06:58,811 - __main__ - INFO - 11전비 검색어로 더이상 검색된 뉴스결과가 없으므로, 프로그램을 종료합니다
2023-02-22 05:02:30,074 - __main__ - INFO - 제11전투비행단 검색어로 더이상 검색된 뉴스결과가 없으므로, 프로그램을 종료합니다
2023-02-22 05:02:32,686 - __main__ - INFO - 11전비 검색어로 더이상 검색된 뉴스결과가 없으므로, 프로그램을 종료합니다
2023-02-22 06:07:50,929 - __main__ - INFO - 제11전투비행단 검색어로 더이상 검색된 뉴스결과가 없으므로, 프로그램을 종료합니다
2023-02-22 06:07:53,698 - __main__ - INFO - 11전비 검색어로 더이상 검색된 뉴스결과가 없으므로, 프로그램을 종료합니다
2023-02-22 07:02:29,470 - __main__ - INFO - 제11전투비행단 검색어로 더이상 검색된 뉴스결과가 없으므로, 프로그램을 종료합니다
2023-02-22 07:02:32,268 - __main__ - INFO - 11전비 검색어로 더이상 검색된 뉴스결과가 없으므로, 프로그램을 종료합니다
2023-02-22 08:07:46,478 - __main__ - INFO - 제11전투비행단 검색어로 더이상 검색된 뉴스결과가 없으므로, 프로그램을 종료합니다
2023-02-22 08:07:50,789 - __main__ - INFO - 총 1건의 보도자료가 db에 기록되었습니다
2023-02-22 08:07:58,702 - __main__ - INFO - 11전비 검색어로 더이상 검색된 뉴스결과가 없으므로, 프로그램을 종료합니다
2023-02-22 09:02:58,428 - __main__ - INFO - 제11전투비행단 검색어로 더이상 검색된 뉴스결과가 없으므로, 프로그램을 종료합니다
2023-02-22 09:03:02,613 - __main__ - INFO - 11전비 검색어로 더이상 검색된 뉴스결과가 없으므로, 프로그램을 종료합니다
2023-02-22 10:02:58,493 - __main__ - INFO - 총 1건의 보도자료가 db에 기록되었습니다
2023-02-22 10:03:05,667 - __main__ - INFO - 제11전투비행단 검색어로 더이상 검색된 뉴스결과가 없으므로, 프로그램을 종료합니다
2023-02-22 10:03:08,122 - __main__ - INFO - 11전비 검색어로 더이상 검색된 뉴스결과가 없으므로, 프로그램을 종료합니다
2023-02-22 11:01:44,807 - __main__ - INFO - 제11전투비행단 검색어로 더이상 검색된 뉴스결과가 없으므로, 프로그램을 종료합니다
2023-02-22 11:01:47,440 - __main__ - INFO - 11전비 검색어로 더이상 검색된 뉴스결과가 없으므로, 프로그램을 종료합니다
2023-02-22 12:10:00,196 - __main__ - INFO - 제11전투비행단 검색어로 더이상 검색된 뉴스결과가 없으므로, 프로그램을 종료합니다
2023-02-22 12:10:03,583 - __main__ - INFO - 11전비 검색어로 더이상 검색된 뉴스결과가 없으므로, 프로그램을 종료합니다
2023-02-22 13:15:50,525 - __main__ - INFO - 제11전투비행단 검색어로 더이상 검색된 뉴스결과가 없으므로, 프로그램을 종료합니다
2023-02-22 13:15:53,109 - __main__ - INFO - 11전비 검색어로 더이상 검색된 뉴스결과가 없으므로, 프로그램을 종료합니다
2023-02-22 14:01:42,652 - __main__ - INFO - 제11전투비행단 검색어로 더이상 검색된 뉴스결과가 없으므로, 프로그램을 종료합니다
2023-02-22 14:01:45,498 - __main__ - INFO - 11전비 검색어로 더이상 검색된 뉴스결과가 없으므로, 프로그램을 종료합니다
2023-02-22 21:01:41,005 - __main__ - INFO - 제11전투비행단 검색어로 더이상 검색된 뉴스결과가 없으므로, 프로그램을 종료합니다
2023-02-22 21:01:43,436 - __main__ - INFO - 11전비 검색어로 더이상 검색된 뉴스결과가 없으므로, 프로그램을 종료합니다
2023-02-22 22:02:06,483 - __main__ - INFO - 제11전투비행단 검색어로 더이상 검색된 뉴스결과가 없으므로, 프로그램을 종료합니다
2023-02-22 22:02:09,566 - __main__ - INFO - 11전비 검색어로 더이상 검색된 뉴스결과가 없으므로, 프로그램을 종료합니다
2023-02-22 23:01:25,010 - __main__ - INFO - 제11전투비행단 검색어로 더이상 검색된 뉴스결과가 없으므로, 프로그램을 종료합니다
2023-02-22 23:01:28,573 - __main__ - INFO - 11전비 검색어로 더이상 검색된 뉴스결과가 없으므로, 프로그램을 종료합니다
2023-02-23 00:28:12,570 - __main__ - INFO - 총 1건의 보도자료가 db에 기록되었습니다
2023-02-23 00:28:20,746 - __main__ - INFO - 제11전투비행단 검색어로 더이상 검색된 뉴스결과가 없으므로, 프로그램을 종료합니다
2023-02-23 00:28:24,243 - __main__ - INFO - 11전비 검색어로 더이상 검색된 뉴스결과가 없으므로, 프로그램을 종료합니다
2023-02-23 02:11:35,899 - __main__ - INFO - 제11전투비행단 검색어로 더이상 검색된 뉴스결과가 없으므로, 프로그램을 종료합니다
2023-02-23 02:11:39,079 - __main__ - INFO - 11전비 검색어로 더이상 검색된 뉴스결과가 없으므로, 프로그램을 종료합니다
2023-02-23 03:09:45,330 - __main__ - INFO - 제11전투비행단 검색어로 더이상 검색된 뉴스결과가 없으므로, 프로그램을 종료합니다
2023-02-23 03:09:48,557 - __main__ - INFO - 11전비 검색어로 더이상 검색된 뉴스결과가 없으므로, 프로그램을 종료합니다
2023-02-23 04:06:58,674 - __main__ - INFO - 제11전투비행단 검색어로 더이상 검색된 뉴스결과가 없으므로, 프로그램을 종료합니다
2023-02-23 04:07:01,879 - __main__ - INFO - 11전비 검색어로 더이상 검색된 뉴스결과가 없으므로, 프로그램을 종료합니다
2023-02-23 05:02:19,046 - __main__ - INFO - 제11전투비행단 검색어로 더이상 검색된 뉴스결과가 없으므로, 프로그램을 종료합니다
2023-02-23 05:02:22,146 - __main__ - INFO - 11전비 검색어로 더이상 검색된 뉴스결과가 없으므로, 프로그램을 종료합니다
2023-02-23 06:07:24,025 - __main__ - INFO - 제11전투비행단 검색어로 더이상 검색된 뉴스결과가 없으므로, 프로그램을 종료합니다
2023-02-23 06:07:26,997 - __main__ - INFO - 11전비 검색어로 더이상 검색된 뉴스결과가 없으므로, 프로그램을 종료합니다
2023-02-23 07:02:15,211 - __main__ - INFO - 제11전투비행단 검색어로 더이상 검색된 뉴스결과가 없으므로, 프로그램을 종료합니다
2023-02-23 07:02:19,212 - __main__ - INFO - 총 1건의 보도자료가 db에 기록되었습니다
2023-02-23 07:02:26,619 - __main__ - INFO - 11전비 검색어로 더이상 검색된 뉴스결과가 없으므로, 프로그램을 종료합니다
2023-02-23 08:07:47,248 - __main__ - INFO - 제11전투비행단 검색어로 더이상 검색된 뉴스결과가 없으므로, 프로그램을 종료합니다
2023-02-23 08:07:51,052 - __main__ - INFO - 11전비 검색어로 더이상 검색된 뉴스결과가 없으므로, 프로그램을 종료합니다
2023-02-23 09:02:20,944 - __main__ - INFO - 제11전투비행단 검색어로 더이상 검색된 뉴스결과가 없으므로, 프로그램을 종료합니다
2023-02-23 09:02:23,818 - __main__ - INFO - 11전비 검색어로 더이상 검색된 뉴스결과가 없으므로, 프로그램을 종료합니다
2023-02-23 10:02:57,759 - __main__ - INFO - 제11전투비행단 검색어로 더이상 검색된 뉴스결과가 없으므로, 프로그램을 종료합니다
2023-02-23 10:03:00,384 - __main__ - INFO - 11전비 검색어로 더이상 검색된 뉴스결과가 없으므로, 프로그램을 종료합니다
2023-02-23 11:01:24,978 - __main__ - INFO - 제11전투비행단 검색어로 더이상 검색된 뉴스결과가 없으므로, 프로그램을 종료합니다
2023-02-23 11:01:27,767 - __main__ - INFO - 11전비 검색어로 더이상 검색된 뉴스결과가 없으므로, 프로그램을 종료합니다
2023-02-23 12:10:00,717 - __main__ - INFO - 제11전투비행단 검색어로 더이상 검색된 뉴스결과가 없으므로, 프로그램을 종료합니다
2023-02-23 12:10:03,366 - __main__ - INFO - 11전비 검색어로 더이상 검색된 뉴스결과가 없으므로, 프로그램을 종료합니다
2023-02-23 13:16:33,697 - __main__ - INFO - 제11전투비행단 검색어로 더이상 검색된 뉴스결과가 없으므로, 프로그램을 종료합니다
2023-02-23 13:16:37,027 - __main__ - INFO - 11전비 검색어로 더이상 검색된 뉴스결과가 없으므로, 프로그램을 종료합니다
2023-02-23 14:01:35,774 - __main__ - INFO - 제11전투비행단 검색어로 더이상 검색된 뉴스결과가 없으므로, 프로그램을 종료합니다
2023-02-23 14:01:38,602 - __main__ - INFO - 11전비 검색어로 더이상 검색된 뉴스결과가 없으므로, 프로그램을 종료합니다
2023-02-23 21:01:38,777 - __main__ - INFO - 제11전투비행단 검색어로 더이상 검색된 뉴스결과가 없으므로, 프로그램을 종료합니다
2023-02-23 21:01:41,847 - __main__ - INFO - 11전비 검색어로 더이상 검색된 뉴스결과가 없으므로, 프로그램을 종료합니다
2023-02-23 22:01:32,053 - __main__ - INFO - 제11전투비행단 검색어로 더이상 검색된 뉴스결과가 없으므로, 프로그램을 종료합니다
2023-02-23 22:01:35,160 - __main__ - INFO - 11전비 검색어로 더이상 검색된 뉴스결과가 없으므로, 프로그램을 종료합니다
2023-02-23 23:02:14,469 - __main__ - INFO - 제11전투비행단 검색어로 더이상 검색된 뉴스결과가 없으므로, 프로그램을 종료합니다
2023-02-23 23:02:18,134 - __main__ - INFO - 11전비 검색어로 더이상 검색된 뉴스결과가 없으므로, 프로그램을 종료합니다
2023-02-24 00:29:09,016 - __main__ - INFO - 제11전투비행단 검색어로 더이상 검색된 뉴스결과가 없으므로, 프로그램을 종료합니다
2023-02-24 00:29:11,616 - __main__ - INFO - 11전비 검색어로 더이상 검색된 뉴스결과가 없으므로, 프로그램을 종료합니다
2023-02-24 02:12:05,753 - __main__ - INFO - 제11전투비행단 검색어로 더이상 검색된 뉴스결과가 없으므로, 프로그램을 종료합니다
2023-02-24 02:12:08,397 - __main__ - INFO - 11전비 검색어로 더이상 검색된 뉴스결과가 없으므로, 프로그램을 종료합니다
2023-02-24 03:10:13,174 - __main__ - INFO - 총 4건의 보도자료가 db에 기록되었습니다
2023-02-24 03:10:21,284 - __main__ - INFO - 제11전투비행단 검색어로 더이상 검색된 뉴스결과가 없으므로, 프로그램을 종료합니다
2023-02-24 03:10:24,599 - __main__ - INFO - 11전비 검색어로 더이상 검색된 뉴스결과가 없으므로, 프로그램을 종료합니다
2023-02-24 04:06:57,425 - __main__ - INFO - 총 1건의 보도자료가 db에 기록되었습니다
2023-02-24 04:07:05,019 - __main__ - INFO - 제11전투비행단 검색어로 더이상 검색된 뉴스결과가 없으므로, 프로그램을 종료합니다
2023-02-24 04:07:07,820 - __main__ - INFO - 11전비 검색어로 더이상 검색된 뉴스결과가 없으므로, 프로그램을 종료합니다
2023-02-24 05:02:21,890 - __main__ - INFO - 제11전투비행단 검색어로 더이상 검색된 뉴스결과가 없으므로, 프로그램을 종료합니다
2023-02-24 05:02:25,743 - __main__ - INFO - 11전비 검색어로 더이상 검색된 뉴스결과가 없으므로, 프로그램을 종료합니다
2023-02-24 06:07:44,453 - __main__ - INFO - 제11전투비행단 검색어로 더이상 검색된 뉴스결과가 없으므로, 프로그램을 종료합니다
2023-02-24 06:07:47,875 - __main__ - INFO - 11전비 검색어로 더이상 검색된 뉴스결과가 없으므로, 프로그램을 종료합니다
2023-02-24 07:02:00,309 - __main__ - INFO - 제11전투비행단 검색어로 더이상 검색된 뉴스결과가 없으므로, 프로그램을 종료합니다
2023-02-24 07:02:03,913 - __main__ - INFO - 11전비 검색어로 더이상 검색된 뉴스결과가 없으므로, 프로그램을 종료합니다
2023-02-24 08:08:03,443 - __main__ - INFO - 제11전투비행단 검색어로 더이상 검색된 뉴스결과가 없으므로, 프로그램을 종료합니다
2023-02-24 08:08:07,042 - __main__ - INFO - 11전비 검색어로 더이상 검색된 뉴스결과가 없으므로, 프로그램을 종료합니다
2023-02-24 09:02:10,419 - __main__ - INFO - 총 1건의 보도자료가 db에 기록되었습니다
2023-02-24 09:02:18,593 - __main__ - INFO - 제11전투비행단 검색어로 더이상 검색된 뉴스결과가 없으므로, 프로그램을 종료합니다
2023-02-24 09:02:21,893 - __main__ - INFO - 11전비 검색어로 더이상 검색된 뉴스결과가 없으므로, 프로그램을 종료합니다
2023-02-24 10:03:43,523 - __main__ - INFO - 제11전투비행단 검색어로 더이상 검색된 뉴스결과가 없으므로, 프로그램을 종료합니다
2023-02-24 10:03:46,235 - __main__ - INFO - 11전비 검색어로 더이상 검색된 뉴스결과가 없으므로, 프로그램을 종료합니다
2023-02-24 11:01:23,049 - __main__ - INFO - 제11전투비행단 검색어로 더이상 검색된 뉴스결과가 없으므로, 프로그램을 종료합니다
2023-02-24 11:01:26,134 - __main__ - INFO - 11전비 검색어로 더이상 검색된 뉴스결과가 없으므로, 프로그램을 종료합니다
2023-02-24 12:09:38,457 - __main__ - INFO - 제11전투비행단 검색어로 더이상 검색된 뉴스결과가 없으므로, 프로그램을 종료합니다
2023-02-24 12:09:41,343 - __main__ - INFO - 11전비 검색어로 더이상 검색된 뉴스결과가 없으므로, 프로그램을 종료합니다
2023-02-24 13:15:27,526 - __main__ - INFO - 제11전투비행단 검색어로 더이상 검색된 뉴스결과가 없으므로, 프로그램을 종료합니다
2023-02-24 13:15:30,348 - __main__ - INFO - 11전비 검색어로 더이상 검색된 뉴스결과가 없으므로, 프로그램을 종료합니다
2023-02-24 14:02:12,555 - __main__ - INFO - 제11전투비행단 검색어로 더이상 검색된 뉴스결과가 없으므로, 프로그램을 종료합니다
2023-02-24 14:02:15,971 - __main__ - INFO - 11전비 검색어로 더이상 검색된 뉴스결과가 없으므로, 프로그램을 종료합니다
2023-02-24 21:01:19,514 - __main__ - INFO - 제11전투비행단 검색어로 더이상 검색된 뉴스결과가 없으므로, 프로그램을 종료합니다
2023-02-24 21:01:23,067 - __main__ - INFO - 11전비 검색어로 더이상 검색된 뉴스결과가 없으므로, 프로그램을 종료합니다
2023-02-24 22:02:12,242 - __main__ - INFO - 제11전투비행단 검색어로 더이상 검색된 뉴스결과가 없으므로, 프로그램을 종료합니다
2023-02-24 22:02:15,376 - __main__ - INFO - 11전비 검색어로 더이상 검색된 뉴스결과가 없으므로, 프로그램을 종료합니다
2023-02-24 23:01:32,101 - __main__ - INFO - 제11전투비행단 검색어로 더이상 검색된 뉴스결과가 없으므로, 프로그램을 종료합니다
2023-02-24 23:01:35,946 - __main__ - INFO - 11전비 검색어로 더이상 검색된 뉴스결과가 없으므로, 프로그램을 종료합니다
2023-02-25 00:29:53,075 - __main__ - INFO - 제11전투비행단 검색어로 더이상 검색된 뉴스결과가 없으므로, 프로그램을 종료합니다
2023-02-25 00:29:55,730 - __main__ - INFO - 11전비 검색어로 더이상 검색된 뉴스결과가 없으므로, 프로그램을 종료합니다
2023-02-25 02:13:53,851 - __main__ - INFO - 제11전투비행단 검색어로 더이상 검색된 뉴스결과가 없으므로, 프로그램을 종료합니다
2023-02-25 02:13:56,642 - __main__ - INFO - 11전비 검색어로 더이상 검색된 뉴스결과가 없으므로, 프로그램을 종료합니다
2023-02-25 03:10:42,828 - __main__ - INFO - 제11전투비행단 검색어로 더이상 검색된 뉴스결과가 없으므로, 프로그램을 종료합니다
2023-02-25 03:10:45,500 - __main__ - INFO - 11전비 검색어로 더이상 검색된 뉴스결과가 없으므로, 프로그램을 종료합니다
2023-02-25 04:06:13,969 - __main__ - INFO - 제11전투비행단 검색어로 더이상 검색된 뉴스결과가 없으므로, 프로그램을 종료합니다
2023-02-25 04:06:17,333 - __main__ - INFO - 11전비 검색어로 더이상 검색된 뉴스결과가 없으므로, 프로그램을 종료합니다
2023-02-25 05:01:25,836 - __main__ - INFO - 제11전투비행단 검색어로 더이상 검색된 뉴스결과가 없으므로, 프로그램을 종료합니다
2023-02-25 05:01:29,536 - __main__ - INFO - 11전비 검색어로 더이상 검색된 뉴스결과가 없으므로, 프로그램을 종료합니다
2023-02-25 06:06:45,497 - __main__ - INFO - 제11전투비행단 검색어로 더이상 검색된 뉴스결과가 없으므로, 프로그램을 종료합니다
2023-02-25 06:06:48,968 - __main__ - INFO - 11전비 검색어로 더이상 검색된 뉴스결과가 없으므로, 프로그램을 종료합니다
2023-02-25 07:01:33,692 - __main__ - INFO - 제11전투비행단 검색어로 더이상 검색된 뉴스결과가 없으므로, 프로그램을 종료합니다
2023-02-25 07:01:36,854 - __main__ - INFO - 11전비 검색어로 더이상 검색된 뉴스결과가 없으므로, 프로그램을 종료합니다
2023-02-25 08:07:05,490 - __main__ - INFO - 제11전투비행단 검색어로 더이상 검색된 뉴스결과가 없으므로, 프로그램을 종료합니다
2023-02-25 08:07:08,779 - __main__ - INFO - 11전비 검색어로 더이상 검색된 뉴스결과가 없으므로, 프로그램을 종료합니다
2023-02-25 09:01:53,391 - __main__ - INFO - 제11전투비행단 검색어로 더이상 검색된 뉴스결과가 없으므로, 프로그램을 종료합니다
2023-02-25 09:01:56,538 - __main__ - INFO - 11전비 검색어로 더이상 검색된 뉴스결과가 없으므로, 프로그램을 종료합니다
2023-02-25 10:02:02,449 - __main__ - INFO - 제11전투비행단 검색어로 더이상 검색된 뉴스결과가 없으므로, 프로그램을 종료합니다
2023-02-25 10:02:05,605 - __main__ - INFO - 11전비 검색어로 더이상 검색된 뉴스결과가 없으므로, 프로그램을 종료합니다
2023-02-25 11:01:22,906 - __main__ - INFO - 제11전투비행단 검색어로 더이상 검색된 뉴스결과가 없으므로, 프로그램을 종료합니다
2023-02-25 11:01:26,559 - __main__ - INFO - 11전비 검색어로 더이상 검색된 뉴스결과가 없으므로, 프로그램을 종료합니다
2023-02-25 12:08:09,269 - __main__ - INFO - 제11전투비행단 검색어로 더이상 검색된 뉴스결과가 없으므로, 프로그램을 종료합니다
2023-02-25 12:08:11,978 - __main__ - INFO - 11전비 검색어로 더이상 검색된 뉴스결과가 없으므로, 프로그램을 종료합니다
2023-02-25 13:11:24,495 - __main__ - INFO - 제11전투비행단 검색어로 더이상 검색된 뉴스결과가 없으므로, 프로그램을 종료합니다
2023-02-25 13:11:27,508 - __main__ - INFO - 11전비 검색어로 더이상 검색된 뉴스결과가 없으므로, 프로그램을 종료합니다
2023-02-25 14:01:36,133 - __main__ - INFO - 제11전투비행단 검색어로 더이상 검색된 뉴스결과가 없으므로, 프로그램을 종료합니다
2023-02-25 14:01:38,941 - __main__ - INFO - 11전비 검색어로 더이상 검색된 뉴스결과가 없으므로, 프로그램을 종료합니다
2023-02-25 21:01:31,300 - __main__ - INFO - 제11전투비행단 검색어로 더이상 검색된 뉴스결과가 없으므로, 프로그램을 종료합니다
2023-02-25 21:01:34,547 - __main__ - INFO - 11전비 검색어로 더이상 검색된 뉴스결과가 없으므로, 프로그램을 종료합니다
2023-02-25 22:01:36,221 - __main__ - INFO - 제11전투비행단 검색어로 더이상 검색된 뉴스결과가 없으므로, 프로그램을 종료합니다
2023-02-25 22:01:38,963 - __main__ - INFO - 11전비 검색어로 더이상 검색된 뉴스결과가 없으므로, 프로그램을 종료합니다
2023-02-25 23:01:45,179 - __main__ - INFO - 제11전투비행단 검색어로 더이상 검색된 뉴스결과가 없으므로, 프로그램을 종료합니다
2023-02-25 23:01:48,370 - __main__ - INFO - 11전비 검색어로 더이상 검색된 뉴스결과가 없으므로, 프로그램을 종료합니다
2023-02-26 00:34:20,026 - __main__ - INFO - 제11전투비행단 검색어로 더이상 검색된 뉴스결과가 없으므로, 프로그램을 종료합니다
2023-02-26 00:34:23,454 - __main__ - INFO - 11전비 검색어로 더이상 검색된 뉴스결과가 없으므로, 프로그램을 종료합니다
2023-02-26 02:22:19,207 - __main__ - INFO - 제11전투비행단 검색어로 더이상 검색된 뉴스결과가 없으므로, 프로그램을 종료합니다
2023-02-26 02:22:22,202 - __main__ - INFO - 11전비 검색어로 더이상 검색된 뉴스결과가 없으므로, 프로그램을 종료합니다
2023-02-26 03:18:10,524 - __main__ - INFO - 제11전투비행단 검색어로 더이상 검색된 뉴스결과가 없으므로, 프로그램을 종료합니다
2023-02-26 03:18:12,988 - __main__ - INFO - 11전비 검색어로 더이상 검색된 뉴스결과가 없으므로, 프로그램을 종료합니다
2023-02-26 04:03:34,173 - __main__ - INFO - 제11전투비행단 검색어로 더이상 검색된 뉴스결과가 없으므로, 프로그램을 종료합니다
2023-02-26 04:03:36,789 - __main__ - INFO - 11전비 검색어로 더이상 검색된 뉴스결과가 없으므로, 프로그램을 종료합니다
2023-02-26 05:01:45,493 - __main__ - INFO - 제11전투비행단 검색어로 더이상 검색된 뉴스결과가 없으므로, 프로그램을 종료합니다
2023-02-26 05:01:49,140 - __main__ - INFO - 11전비 검색어로 더이상 검색된 뉴스결과가 없으므로, 프로그램을 종료합니다
2023-02-26 06:06:55,348 - __main__ - INFO - 총 1건의 보도자료가 db에 기록되었습니다
2023-02-26 06:07:02,720 - __main__ - INFO - 제11전투비행단 검색어로 더이상 검색된 뉴스결과가 없으므로, 프로그램을 종료합니다
2023-02-26 06:07:05,447 - __main__ - INFO - 11전비 검색어로 더이상 검색된 뉴스결과가 없으므로, 프로그램을 종료합니다
2023-02-26 07:01:40,254 - __main__ - INFO - 제11전투비행단 검색어로 더이상 검색된 뉴스결과가 없으므로, 프로그램을 종료합니다
2023-02-26 07:01:43,575 - __main__ - INFO - 11전비 검색어로 더이상 검색된 뉴스결과가 없으므로, 프로그램을 종료합니다
2023-02-26 08:07:05,485 - __main__ - INFO - 총 1건의 보도자료가 db에 기록되었습니다
2023-02-26 08:07:13,236 - __main__ - INFO - 제11전투비행단 검색어로 더이상 검색된 뉴스결과가 없으므로, 프로그램을 종료합니다
2023-02-26 08:07:16,092 - __main__ - INFO - 11전비 검색어로 더이상 검색된 뉴스결과가 없으므로, 프로그램을 종료합니다
2023-02-26 09:01:54,524 - __main__ - INFO - 제11전투비행단 검색어로 더이상 검색된 뉴스결과가 없으므로, 프로그램을 종료합니다
2023-02-26 09:01:57,541 - __main__ - INFO - 11전비 검색어로 더이상 검색된 뉴스결과가 없으므로, 프로그램을 종료합니다
2023-02-26 10:01:28,635 - __main__ - INFO - 총 1건의 보도자료가 db에 기록되었습니다
2023-02-26 10:01:36,289 - __main__ - INFO - 제11전투비행단 검색어로 더이상 검색된 뉴스결과가 없으므로, 프로그램을 종료합니다
2023-02-26 10:01:39,189 - __main__ - INFO - 11전비 검색어로 더이상 검색된 뉴스결과가 없으므로, 프로그램을 종료합니다
2023-02-26 11:01:35,584 - __main__ - INFO - 제11전투비행단 검색어로 더이상 검색된 뉴스결과가 없으므로, 프로그램을 종료합니다
2023-02-26 11:01:38,133 - __main__ - INFO - 11전비 검색어로 더이상 검색된 뉴스결과가 없으므로, 프로그램을 종료합니다
2023-02-26 12:08:50,707 - __main__ - INFO - 제11전투비행단 검색어로 더이상 검색된 뉴스결과가 없으므로, 프로그램을 종료합니다
2023-02-26 12:08:53,620 - __main__ - INFO - 11전비 검색어로 더이상 검색된 뉴스결과가 없으므로, 프로그램을 종료합니다
2023-02-26 13:12:51,750 - __main__ - INFO - 총 2건의 보도자료가 db에 기록되었습니다
2023-02-26 13:12:59,770 - __main__ - INFO - 제11전투비행단 검색어로 더이상 검색된 뉴스결과가 없으므로, 프로그램을 종료합니다
2023-02-26 13:13:03,008 - __main__ - INFO - 11전비 검색어로 더이상 검색된 뉴스결과가 없으므로, 프로그램을 종료합니다
2023-02-26 14:01:25,826 - __main__ - INFO - 제11전투비행단 검색어로 더이상 검색된 뉴스결과가 없으므로, 프로그램을 종료합니다
2023-02-26 14:01:28,775 - __main__ - INFO - 11전비 검색어로 더이상 검색된 뉴스결과가 없으므로, 프로그램을 종료합니다
2023-02-26 21:01:17,687 - __main__ - INFO - 제11전투비행단 검색어로 더이상 검색된 뉴스결과가 없으므로, 프로그램을 종료합니다
2023-02-26 21:01:20,431 - __main__ - INFO - 11전비 검색어로 더이상 검색된 뉴스결과가 없으므로, 프로그램을 종료합니다
2023-02-26 22:01:34,237 - __main__ - INFO - 제11전투비행단 검색어로 더이상 검색된 뉴스결과가 없으므로, 프로그램을 종료합니다
2023-02-26 22:01:37,680 - __main__ - INFO - 11전비 검색어로 더이상 검색된 뉴스결과가 없으므로, 프로그램을 종료합니다
2023-02-26 23:01:32,902 - __main__ - INFO - 제11전투비행단 검색어로 더이상 검색된 뉴스결과가 없으므로, 프로그램을 종료합니다
2023-02-26 23:01:36,032 - __main__ - INFO - 11전비 검색어로 더이상 검색된 뉴스결과가 없으므로, 프로그램을 종료합니다
2023-02-27 00:30:34,813 - __main__ - INFO - 제11전투비행단 검색어로 더이상 검색된 뉴스결과가 없으므로, 프로그램을 종료합니다
2023-02-27 00:30:37,618 - __main__ - INFO - 11전비 검색어로 더이상 검색된 뉴스결과가 없으므로, 프로그램을 종료합니다
2023-02-27 02:15:16,233 - __main__ - INFO - 총 1건의 보도자료가 db에 기록되었습니다
2023-02-27 02:15:24,630 - __main__ - INFO - 제11전투비행단 검색어로 더이상 검색된 뉴스결과가 없으므로, 프로그램을 종료합니다
2023-02-27 02:15:28,170 - __main__ - INFO - 11전비 검색어로 더이상 검색된 뉴스결과가 없으므로, 프로그램을 종료합니다
2023-02-27 03:12:37,592 - __main__ - INFO - 제11전투비행단 검색어로 더이상 검색된 뉴스결과가 없으므로, 프로그램을 종료합니다
2023-02-27 03:12:40,262 - __main__ - INFO - 11전비 검색어로 더이상 검색된 뉴스결과가 없으므로, 프로그램을 종료합니다
2023-02-27 04:07:00,929 - __main__ - INFO - 제11전투비행단 검색어로 더이상 검색된 뉴스결과가 없으므로, 프로그램을 종료합니다
2023-02-27 04:07:03,444 - __main__ - INFO - 11전비 검색어로 더이상 검색된 뉴스결과가 없으므로, 프로그램을 종료합니다
2023-02-27 05:02:15,646 - __main__ - INFO - 제11전투비행단 검색어로 더이상 검색된 뉴스결과가 없으므로, 프로그램을 종료합니다
2023-02-27 05:02:18,429 - __main__ - INFO - 11전비 검색어로 더이상 검색된 뉴스결과가 없으므로, 프로그램을 종료합니다
2023-02-27 06:08:07,320 - __main__ - INFO - 제11전투비행단 검색어로 더이상 검색된 뉴스결과가 없으므로, 프로그램을 종료합니다
2023-02-27 06:08:09,732 - __main__ - INFO - 11전비 검색어로 더이상 검색된 뉴스결과가 없으므로, 프로그램을 종료합니다
2023-02-27 07:02:53,006 - __main__ - INFO - 제11전투비행단 검색어로 더이상 검색된 뉴스결과가 없으므로, 프로그램을 종료합니다
2023-02-27 07:02:56,610 - __main__ - INFO - 11전비 검색어로 더이상 검색된 뉴스결과가 없으므로, 프로그램을 종료합니다
2023-02-27 08:08:13,152 - __main__ - INFO - 제11전투비행단 검색어로 더이상 검색된 뉴스결과가 없으므로, 프로그램을 종료합니다
2023-02-27 08:08:16,381 - __main__ - INFO - 11전비 검색어로 더이상 검색된 뉴스결과가 없으므로, 프로그램을 종료합니다
2023-02-27 09:04:15,426 - __main__ - INFO - 제11전투비행단 검색어로 더이상 검색된 뉴스결과가 없으므로, 프로그램을 종료합니다
2023-02-27 09:04:18,043 - __main__ - INFO - 11전비 검색어로 더이상 검색된 뉴스결과가 없으므로, 프로그램을 종료합니다
2023-02-27 10:06:50,426 - __main__ - INFO - 제11전투비행단 검색어로 더이상 검색된 뉴스결과가 없으므로, 프로그램을 종료합니다
2023-02-27 10:06:53,091 - __main__ - INFO - 11전비 검색어로 더이상 검색된 뉴스결과가 없으므로, 프로그램을 종료합니다
2023-02-27 11:01:39,755 - __main__ - INFO - 제11전투비행단 검색어로 더이상 검색된 뉴스결과가 없으므로, 프로그램을 종료합니다
2023-02-27 11:01:42,435 - __main__ - INFO - 11전비 검색어로 더이상 검색된 뉴스결과가 없으므로, 프로그램을 종료합니다
2023-02-27 12:10:15,050 - __main__ - INFO - 총 1건의 보도자료가 db에 기록되었습니다
2023-02-27 12:10:23,155 - __main__ - INFO - 제11전투비행단 검색어로 더이상 검색된 뉴스결과가 없으므로, 프로그램을 종료합니다
2023-02-27 12:10:26,225 - __main__ - INFO - 11전비 검색어로 더이상 검색된 뉴스결과가 없으므로, 프로그램을 종료합니다
2023-02-27 13:16:58,303 - __main__ - INFO - 제11전투비행단 검색어로 더이상 검색된 뉴스결과가 없으므로, 프로그램을 종료합니다
2023-02-27 13:17:01,839 - __main__ - INFO - 11전비 검색어로 더이상 검색된 뉴스결과가 없으므로, 프로그램을 종료합니다
2023-02-27 14:02:13,224 - __main__ - INFO - 제11전투비행단 검색어로 더이상 검색된 뉴스결과가 없으므로, 프로그램을 종료합니다
2023-02-27 14:02:16,111 - __main__ - INFO - 11전비 검색어로 더이상 검색된 뉴스결과가 없으므로, 프로그램을 종료합니다
2023-02-27 21:01:37,360 - __main__ - INFO - 제11전투비행단 검색어로 더이상 검색된 뉴스결과가 없으므로, 프로그램을 종료합니다
2023-02-27 21:01:41,136 - __main__ - INFO - 11전비 검색어로 더이상 검색된 뉴스결과가 없으므로, 프로그램을 종료합니다
2023-02-27 22:01:51,844 - __main__ - INFO - 제11전투비행단 검색어로 더이상 검색된 뉴스결과가 없으므로, 프로그램을 종료합니다
2023-02-27 22:01:55,426 - __main__ - INFO - 11전비 검색어로 더이상 검색된 뉴스결과가 없으므로, 프로그램을 종료합니다
2023-02-27 23:02:24,767 - __main__ - INFO - 제11전투비행단 검색어로 더이상 검색된 뉴스결과가 없으므로, 프로그램을 종료합니다
2023-02-27 23:02:28,243 - __main__ - INFO - 11전비 검색어로 더이상 검색된 뉴스결과가 없으므로, 프로그램을 종료합니다
2023-02-28 00:30:07,613 - __main__ - INFO - 제11전투비행단 검색어로 더이상 검색된 뉴스결과가 없으므로, 프로그램을 종료합니다
2023-02-28 00:30:10,557 - __main__ - INFO - 11전비 검색어로 더이상 검색된 뉴스결과가 없으므로, 프로그램을 종료합니다
2023-02-28 02:14:06,809 - __main__ - INFO - 제11전투비행단 검색어로 더이상 검색된 뉴스결과가 없으므로, 프로그램을 종료합니다
2023-02-28 02:14:10,026 - __main__ - INFO - 11전비 검색어로 더이상 검색된 뉴스결과가 없으므로, 프로그램을 종료합니다
2023-02-28 03:11:34,557 - __main__ - INFO - 제11전투비행단 검색어로 더이상 검색된 뉴스결과가 없으므로, 프로그램을 종료합니다
2023-02-28 03:11:36,950 - __main__ - INFO - 11전비 검색어로 더이상 검색된 뉴스결과가 없으므로, 프로그램을 종료합니다
2023-02-28 04:08:09,123 - __main__ - INFO - 제11전투비행단 검색어로 더이상 검색된 뉴스결과가 없으므로, 프로그램을 종료합니다
2023-02-28 04:08:12,000 - __main__ - INFO - 11전비 검색어로 더이상 검색된 뉴스결과가 없으므로, 프로그램을 종료합니다
2023-02-28 05:02:13,630 - __main__ - INFO - 제11전투비행단 검색어로 더이상 검색된 뉴스결과가 없으므로, 프로그램을 종료합니다
2023-02-28 05:02:16,589 - __main__ - INFO - 11전비 검색어로 더이상 검색된 뉴스결과가 없으므로, 프로그램을 종료합니다
2023-02-28 06:08:17,927 - __main__ - INFO - 제11전투비행단 검색어로 더이상 검색된 뉴스결과가 없으므로, 프로그램을 종료합니다
2023-02-28 06:08:21,375 - __main__ - INFO - 11전비 검색어로 더이상 검색된 뉴스결과가 없으므로, 프로그램을 종료합니다
2023-02-28 07:02:35,648 - __main__ - INFO - 제11전투비행단 검색어로 더이상 검색된 뉴스결과가 없으므로, 프로그램을 종료합니다
2023-02-28 07:02:39,175 - __main__ - INFO - 11전비 검색어로 더이상 검색된 뉴스결과가 없으므로, 프로그램을 종료합니다
2023-02-28 08:08:13,882 - __main__ - INFO - 제11전투비행단 검색어로 더이상 검색된 뉴스결과가 없으므로, 프로그램을 종료합니다
2023-02-28 08:08:17,174 - __main__ - INFO - 11전비 검색어로 더이상 검색된 뉴스결과가 없으므로, 프로그램을 종료합니다
2023-02-28 09:04:05,621 - __main__ - INFO - 제11전투비행단 검색어로 더이상 검색된 뉴스결과가 없으므로, 프로그램을 종료합니다
2023-02-28 09:04:08,308 - __main__ - INFO - 11전비 검색어로 더이상 검색된 뉴스결과가 없으므로, 프로그램을 종료합니다
2023-02-28 10:03:22,417 - __main__ - INFO - 제11전투비행단 검색어로 더이상 검색된 뉴스결과가 없으므로, 프로그램을 종료합니다
2023-02-28 10:03:25,666 - __main__ - INFO - 11전비 검색어로 더이상 검색된 뉴스결과가 없으므로, 프로그램을 종료합니다
2023-02-28 11:01:21,953 - __main__ - INFO - 제11전투비행단 검색어로 더이상 검색된 뉴스결과가 없으므로, 프로그램을 종료합니다
2023-02-28 11:01:24,621 - __main__ - INFO - 11전비 검색어로 더이상 검색된 뉴스결과가 없으므로, 프로그램을 종료합니다
2023-02-28 12:10:12,560 - __main__ - INFO - 제11전투비행단 검색어로 더이상 검색된 뉴스결과가 없으므로, 프로그램을 종료합니다
2023-02-28 12:10:15,569 - __main__ - INFO - 11전비 검색어로 더이상 검색된 뉴스결과가 없으므로, 프로그램을 종료합니다
2023-02-28 13:16:33,581 - __main__ - INFO - 제11전투비행단 검색어로 더이상 검색된 뉴스결과가 없으므로, 프로그램을 종료합니다
2023-02-28 13:16:36,638 - __main__ - INFO - 11전비 검색어로 더이상 검색된 뉴스결과가 없으므로, 프로그램을 종료합니다
2023-02-28 14:02:31,159 - __main__ - INFO - 제11전투비행단 검색어로 더이상 검색된 뉴스결과가 없으므로, 프로그램을 종료합니다
2023-02-28 14:02:34,875 - __main__ - INFO - 11전비 검색어로 더이상 검색된 뉴스결과가 없으므로, 프로그램을 종료합니다
2023-02-28 21:01:36,924 - __main__ - INFO - 제11전투비행단 검색어로 더이상 검색된 뉴스결과가 없으므로, 프로그램을 종료합니다
2023-02-28 21:01:39,679 - __main__ - INFO - 11전비 검색어로 더이상 검색된 뉴스결과가 없으므로, 프로그램을 종료합니다
2023-02-28 22:02:21,358 - __main__ - INFO - 제11전투비행단 검색어로 더이상 검색된 뉴스결과가 없으므로, 프로그램을 종료합니다
2023-02-28 22:02:24,130 - __main__ - INFO - 11전비 검색어로 더이상 검색된 뉴스결과가 없으므로, 프로그램을 종료합니다
2023-02-28 23:02:17,125 - __main__ - INFO - 제11전투비행단 검색어로 더이상 검색된 뉴스결과가 없으므로, 프로그램을 종료합니다
2023-02-28 23:02:20,708 - __main__ - INFO - 11전비 검색어로 더이상 검색된 뉴스결과가 없으므로, 프로그램을 종료합니다
2023-03-01 00:34:11,102 - __main__ - INFO - 제11전투비행단 검색어로 더이상 검색된 뉴스결과가 없으므로, 프로그램을 종료합니다
2023-03-01 00:34:13,884 - __main__ - INFO - 11전비 검색어로 더이상 검색된 뉴스결과가 없으므로, 프로그램을 종료합니다
2023-03-01 02:25:06,271 - __main__ - INFO - 제11전투비행단 검색어로 더이상 검색된 뉴스결과가 없으므로, 프로그램을 종료합니다
2023-03-01 02:25:08,762 - __main__ - INFO - 11전비 검색어로 더이상 검색된 뉴스결과가 없으므로, 프로그램을 종료합니다
2023-03-01 03:21:24,045 - __main__ - INFO - 제11전투비행단 검색어로 더이상 검색된 뉴스결과가 없으므로, 프로그램을 종료합니다
2023-03-01 03:21:27,165 - __main__ - INFO - 11전비 검색어로 더이상 검색된 뉴스결과가 없으므로, 프로그램을 종료합니다
2023-03-01 04:06:55,009 - __main__ - INFO - 제11전투비행단 검색어로 더이상 검색된 뉴스결과가 없으므로, 프로그램을 종료합니다
2023-03-01 04:06:57,445 - __main__ - INFO - 11전비 검색어로 더이상 검색된 뉴스결과가 없으므로, 프로그램을 종료합니다
2023-03-01 05:01:23,950 - __main__ - INFO - 제11전투비행단 검색어로 더이상 검색된 뉴스결과가 없으므로, 프로그램을 종료합니다
2023-03-01 05:01:27,084 - __main__ - INFO - 11전비 검색어로 더이상 검색된 뉴스결과가 없으므로, 프로그램을 종료합니다
2023-03-01 06:08:35,796 - __main__ - INFO - 제11전투비행단 검색어로 더이상 검색된 뉴스결과가 없으므로, 프로그램을 종료합니다
2023-03-01 06:08:38,336 - __main__ - INFO - 11전비 검색어로 더이상 검색된 뉴스결과가 없으므로, 프로그램을 종료합니다
2023-03-01 07:02:28,509 - __main__ - INFO - 제11전투비행단 검색어로 더이상 검색된 뉴스결과가 없으므로, 프로그램을 종료합니다
2023-03-01 07:02:31,083 - __main__ - INFO - 11전비 검색어로 더이상 검색된 뉴스결과가 없으므로, 프로그램을 종료합니다
2023-03-01 08:08:10,982 - __main__ - INFO - 제11전투비행단 검색어로 더이상 검색된 뉴스결과가 없으므로, 프로그램을 종료합니다
2023-03-01 08:08:13,718 - __main__ - INFO - 11전비 검색어로 더이상 검색된 뉴스결과가 없으므로, 프로그램을 종료합니다
2023-03-01 09:04:01,470 - __main__ - INFO - 제11전투비행단 검색어로 더이상 검색된 뉴스결과가 없으므로, 프로그램을 종료합니다
2023-03-01 09:04:04,662 - __main__ - INFO - 11전비 검색어로 더이상 검색된 뉴스결과가 없으므로, 프로그램을 종료합니다
2023-03-01 10:05:02,836 - __main__ - INFO - 제11전투비행단 검색어로 더이상 검색된 뉴스결과가 없으므로, 프로그램을 종료합니다
2023-03-01 10:05:05,889 - __main__ - INFO - 11전비 검색어로 더이상 검색된 뉴스결과가 없으므로, 프로그램을 종료합니다
2023-03-01 11:01:39,262 - __main__ - INFO - 제11전투비행단 검색어로 더이상 검색된 뉴스결과가 없으므로, 프로그램을 종료합니다
2023-03-01 11:01:42,238 - __main__ - INFO - 11전비 검색어로 더이상 검색된 뉴스결과가 없으므로, 프로그램을 종료합니다
2023-03-01 12:09:50,800 - __main__ - INFO - 제11전투비행단 검색어로 더이상 검색된 뉴스결과가 없으므로, 프로그램을 종료합니다
2023-03-01 12:09:53,660 - __main__ - INFO - 11전비 검색어로 더이상 검색된 뉴스결과가 없으므로, 프로그램을 종료합니다
2023-03-01 13:16:34,539 - __main__ - INFO - 제11전투비행단 검색어로 더이상 검색된 뉴스결과가 없으므로, 프로그램을 종료합니다
2023-03-01 13:16:38,220 - __main__ - INFO - 11전비 검색어로 더이상 검색된 뉴스결과가 없으므로, 프로그램을 종료합니다
2023-03-01 14:01:53,229 - __main__ - INFO - 제11전투비행단 검색어로 더이상 검색된 뉴스결과가 없으므로, 프로그램을 종료합니다
2023-03-01 14:01:56,127 - __main__ - INFO - 11전비 검색어로 더이상 검색된 뉴스결과가 없으므로, 프로그램을 종료합니다
2023-03-01 21:01:39,035 - __main__ - INFO - 제11전투비행단 검색어로 더이상 검색된 뉴스결과가 없으므로, 프로그램을 종료합니다
2023-03-01 21:01:41,708 - __main__ - INFO - 11전비 검색어로 더이상 검색된 뉴스결과가 없으므로, 프로그램을 종료합니다
2023-03-01 22:01:34,717 - __main__ - INFO - 제11전투비행단 검색어로 더이상 검색된 뉴스결과가 없으므로, 프로그램을 종료합니다
2023-03-01 22:01:37,561 - __main__ - INFO - 11전비 검색어로 더이상 검색된 뉴스결과가 없으므로, 프로그램을 종료합니다
2023-03-01 23:02:23,106 - __main__ - INFO - 제11전투비행단 검색어로 더이상 검색된 뉴스결과가 없으므로, 프로그램을 종료합니다
2023-03-01 23:02:25,642 - __main__ - INFO - 11전비 검색어로 더이상 검색된 뉴스결과가 없으므로, 프로그램을 종료합니다
2023-03-02 00:33:19,116 - __main__ - INFO - 제11전투비행단 검색어로 더이상 검색된 뉴스결과가 없으므로, 프로그램을 종료합니다
2023-03-02 00:33:22,739 - __main__ - INFO - 11전비 검색어로 더이상 검색된 뉴스결과가 없으므로, 프로그램을 종료합니다
2023-03-02 02:20:00,572 - __main__ - INFO - 제11전투비행단 검색어로 더이상 검색된 뉴스결과가 없으므로, 프로그램을 종료합니다
2023-03-02 02:20:03,849 - __main__ - INFO - 11전비 검색어로 더이상 검색된 뉴스결과가 없으므로, 프로그램을 종료합니다
2023-03-02 03:16:07,225 - __main__ - INFO - 제11전투비행단 검색어로 더이상 검색된 뉴스결과가 없으므로, 프로그램을 종료합니다
2023-03-02 03:16:09,813 - __main__ - INFO - 11전비 검색어로 더이상 검색된 뉴스결과가 없으므로, 프로그램을 종료합니다
2023-03-02 04:06:53,997 - __main__ - INFO - 제11전투비행단 검색어로 더이상 검색된 뉴스결과가 없으므로, 프로그램을 종료합니다
2023-03-02 04:06:56,970 - __main__ - INFO - 11전비 검색어로 더이상 검색된 뉴스결과가 없으므로, 프로그램을 종료합니다
2023-03-02 05:02:12,853 - __main__ - INFO - 제11전투비행단 검색어로 더이상 검색된 뉴스결과가 없으므로, 프로그램을 종료합니다
2023-03-02 05:02:15,351 - __main__ - INFO - 11전비 검색어로 더이상 검색된 뉴스결과가 없으므로, 프로그램을 종료합니다
2023-03-02 06:07:53,237 - __main__ - INFO - 제11전투비행단 검색어로 더이상 검색된 뉴스결과가 없으므로, 프로그램을 종료합니다
2023-03-02 06:07:56,587 - __main__ - INFO - 11전비 검색어로 더이상 검색된 뉴스결과가 없으므로, 프로그램을 종료합니다
2023-03-02 07:02:29,483 - __main__ - INFO - 제11전투비행단 검색어로 더이상 검색된 뉴스결과가 없으므로, 프로그램을 종료합니다
2023-03-02 07:02:32,177 - __main__ - INFO - 11전비 검색어로 더이상 검색된 뉴스결과가 없으므로, 프로그램을 종료합니다
